<?xml version="1.0" encoding="UTF-8"?>
<!-- Generated by org.testng.reporters.JUnitXMLReporter -->
<testsuite ignored="0" hostname="DESKTOP-GO5PBTN" failures="1" tests="2" name="Test" time="122.864" errors="0" timestamp="2021-01-23T23:47:46 CST">
  <testcase classname="ProgressiveInsuranceTest.AutoInsuranceQuoteTest" name="autoInsuranceQuote" time="106.292"/>
  <testcase classname="GoogleTest.GooglePageTest" name="testGooglePage" time="1.201">
    <failure type="java.lang.AssertionError" message="Expected Text didn&amp;apos;t match with actual Text. expected [TestNg-Welcome] but found [TestNG - Welcome]">
      <![CDATA[java.lang.AssertionError: Expected Text didn't match with actual Text. expected [TestNg-Welcome] but found [TestNG - Welcome]
at GooglePageObject.GoogleHomePage.showSearchText(GoogleHomePage.java:35)
at GoogleTest.GooglePageTest.testGooglePage(GooglePageTest.java:12)
at java.base/java.util.ArrayList.forEach(ArrayList.java:1511)
... Removed 32 stack frames]]>
    </failure>
  </testcase> <!-- testGooglePage -->
</testsuite> <!-- Test -->
